# JRE version: OpenJDK Runtime Environment Corretto-17.0.11.9.1 (17.0.11+9) (build 17.0.11+9-LTS)
# Java VM: OpenJDK 64-Bit Server VM Corretto-17.0.11.9.1 (17.0.11+9-LTS, mixed mode, sharing, tiered, compressed oops, compressed class ptrs, g1 gc, windows-amd64)
GC Precious Log:
 CPUs: 8 total, 8 available
 Memory: 16262M
 Large Page Support: Disabled
 NUMA Support: Disabled
 Compressed Oops: Enabled (Zero based)
 Heap Region Size: 2M
 Heap Min Capacity: 8M
 Heap Initial Capacity: 256M
 Heap Max Capacity: 4066M
 Pre-touch: Disabled
 Parallel Workers: 8
 Concurrent Workers: 2
 Concurrent Refinement Workers: 8
 Periodic GC: Disabled
Heap:
 garbage-first heap   total 59392K, used 38849K [0x0000000701e00000, 0x0000000800000000)
  region size 2048K, 5 young (10240K), 1 survivors (2048K)
 Metaspace       used 62577K, committed 62912K, reserved 1114112K
  class space    used 8432K, committed 8576K, reserved 1048576K
GC Heap History (20 events):
Event: 18.021 GC heap before
{Heap before GC invocations=10 (full 0):
 garbage-first heap   total 55296K, used 37254K [0x0000000701e00000, 0x0000000800000000)
  region size 2048K, 10 young (20480K), 2 survivors (4096K)
 Metaspace       used 35892K, committed 36096K, reserved 1114112K
  class space    used 4566K, committed 4672K, reserved 1048576K
}
Event: 18.028 GC heap after
{Heap after GC invocations=11 (full 0):
 garbage-first heap   total 55296K, used 23260K [0x0000000701e00000, 0x0000000800000000)
  region size 2048K, 1 young (2048K), 1 survivors (2048K)
 Metaspace       used 35892K, committed 36096K, reserved 1114112K
  class space    used 4566K, committed 4672K, reserved 1048576K
}
Event: 22.401 GC heap before
{Heap before GC invocations=12 (full 0):
 garbage-first heap   total 55296K, used 39644K [0x0000000701e00000, 0x0000000800000000)
  region size 2048K, 9 young (18432K), 1 survivors (2048K)
 Metaspace       used 42736K, committed 43072K, reserved 1114112K
  class space    used 5392K, committed 5568K, reserved 1048576K
}
Event: 22.424 GC heap after
{Heap after GC invocations=13 (full 0):
 garbage-first heap   total 55296K, used 24735K [0x0000000701e00000, 0x0000000800000000)
  region size 2048K, 2 young (4096K), 2 survivors (4096K)
 Metaspace       used 42736K, committed 43072K, reserved 1114112K
  class space    used 5392K, committed 5568K, reserved 1048576K
}
Event: 25.747 GC heap before
{Heap before GC invocations=13 (full 0):
 garbage-first heap   total 55296K, used 39071K [0x0000000701e00000, 0x0000000800000000)
  region size 2048K, 10 young (20480K), 2 survivors (4096K)
 Metaspace       used 46789K, committed 47104K, reserved 1114112K
  class space    used 6112K, committed 6272K, reserved 1048576K
}
Event: 25.755 GC heap after
{Heap after GC invocations=14 (full 0):
 garbage-first heap   total 55296K, used 25987K [0x0000000701e00000, 0x0000000800000000)
  region size 2048K, 2 young (4096K), 2 survivors (4096K)
 Metaspace       used 46789K, committed 47104K, reserved 1114112K
  class space    used 6112K, committed 6272K, reserved 1048576K
}
Event: 29.230 GC heap before
{Heap before GC invocations=14 (full 0):
 garbage-first heap   total 55296K, used 40323K [0x0000000701e00000, 0x0000000800000000)
  region size 2048K, 9 young (18432K), 2 survivors (4096K)
 Metaspace       used 50499K, committed 50816K, reserved 1114112K
  class space    used 6624K, committed 6784K, reserved 1048576K
}
Event: 29.238 GC heap after
{Heap after GC invocations=15 (full 0):
 garbage-first heap   total 55296K, used 26905K [0x0000000701e00000, 0x0000000800000000)
  region size 2048K, 2 young (4096K), 2 survivors (4096K)
 Metaspace       used 50499K, committed 50816K, reserved 1114112K
  class space    used 6624K, committed 6784K, reserved 1048576K
}
Event: 31.243 GC heap before
{Heap before GC invocations=15 (full 0):
 garbage-first heap   total 55296K, used 39193K [0x0000000701e00000, 0x0000000800000000)
  region size 2048K, 8 young (16384K), 2 survivors (4096K)
 Metaspace       used 53648K, committed 53952K, reserved 1114112K
  class space    used 7162K, committed 7296K, reserved 1048576K
}
Event: 31.248 GC heap after
{Heap after GC invocations=16 (full 0):
 garbage-first heap   total 55296K, used 27533K [0x0000000701e00000, 0x0000000800000000)
  region size 2048K, 1 young (2048K), 1 survivors (2048K)
 Metaspace       used 53648K, committed 53952K, reserved 1114112K
  class space    used 7162K, committed 7296K, reserved 1048576K
}
Event: 33.199 GC heap before
{Heap before GC invocations=17 (full 0):
 garbage-first heap   total 55296K, used 41869K [0x0000000701e00000, 0x0000000800000000)
  region size 2048K, 8 young (16384K), 1 survivors (2048K)
 Metaspace       used 56272K, committed 56576K, reserved 1114112K
  class space    used 7522K, committed 7680K, reserved 1048576K
}
Event: 33.226 GC heap after
{Heap after GC invocations=18 (full 0):
 garbage-first heap   total 55296K, used 28539K [0x0000000701e00000, 0x0000000800000000)
  region size 2048K, 1 young (2048K), 1 survivors (2048K)
 Metaspace       used 56272K, committed 56576K, reserved 1114112K
  class space    used 7522K, committed 7680K, reserved 1048576K
}
Event: 35.110 GC heap before
{Heap before GC invocations=18 (full 0):
 garbage-first heap   total 55296K, used 42875K [0x0000000701e00000, 0x0000000800000000)
  region size 2048K, 8 young (16384K), 1 survivors (2048K)
 Metaspace       used 57941K, committed 58240K, reserved 1114112K
  class space    used 7778K, committed 7936K, reserved 1048576K
}
Event: 35.114 GC heap after
{Heap after GC invocations=19 (full 0):
 garbage-first heap   total 55296K, used 29692K [0x0000000701e00000, 0x0000000800000000)
  region size 2048K, 1 young (2048K), 1 survivors (2048K)
 Metaspace       used 57941K, committed 58240K, reserved 1114112K
  class space    used 7778K, committed 7936K, reserved 1048576K
}
Event: 36.645 GC heap before
{Heap before GC invocations=20 (full 0):
 garbage-first heap   total 55296K, used 44028K [0x0000000701e00000, 0x0000000800000000)
  region size 2048K, 8 young (16384K), 1 survivors (2048K)
 Metaspace       used 58988K, committed 59328K, reserved 1114112K
  class space    used 7923K, committed 8064K, reserved 1048576K
}
Event: 36.659 GC heap after
{Heap after GC invocations=21 (full 0):
 garbage-first heap   total 55296K, used 30212K [0x0000000701e00000, 0x0000000800000000)
  region size 2048K, 1 young (2048K), 1 survivors (2048K)
 Metaspace       used 58988K, committed 59328K, reserved 1114112K
  class space    used 7923K, committed 8064K, reserved 1048576K
}
Event: 38.911 GC heap before
{Heap before GC invocations=21 (full 0):
 garbage-first heap   total 55296K, used 42500K [0x0000000701e00000, 0x0000000800000000)
  region size 2048K, 7 young (14336K), 1 survivors (2048K)
 Metaspace       used 60417K, committed 60800K, reserved 1114112K
  class space    used 8121K, committed 8320K, reserved 1048576K
}
Event: 38.916 GC heap after
{Heap after GC invocations=22 (full 0):
 garbage-first heap   total 55296K, used 31547K [0x0000000701e00000, 0x0000000800000000)
  region size 2048K, 1 young (2048K), 1 survivors (2048K)
 Metaspace       used 60417K, committed 60800K, reserved 1114112K
  class space    used 8121K, committed 8320K, reserved 1048576K
}
Event: 40.073 GC heap before
{Heap before GC invocations=23 (full 0):
 garbage-first heap   total 59392K, used 41787K [0x0000000701e00000, 0x0000000800000000)
  region size 2048K, 7 young (14336K), 1 survivors (2048K)
 Metaspace       used 62027K, committed 62464K, reserved 1114112K
  class space    used 8366K, committed 8576K, reserved 1048576K
}
Event: 40.078 GC heap after
{Heap after GC invocations=24 (full 0):
 garbage-first heap   total 59392K, used 32705K [0x0000000701e00000, 0x0000000800000000)
  region size 2048K, 1 young (2048K), 1 survivors (2048K)
 Metaspace       used 62027K, committed 62464K, reserved 1114112K
  class space    used 8366K, committed 8576K, reserved 1048576K
}

